<?xml version="1.0" encoding="UTF-8"?>
<testng-results ignored="0" total="1" passed="1" failed="0" skipped="0">
  <reporter-output>
  </reporter-output>
  <suite started-at="2026-06-08T23:02:20 IST" name="Default suite" finished-at="2026-06-08T23:02:44 IST" duration-ms="23765">
    <groups>
      <group name="cucumber">
        <method signature="AbstractTestNGCucumberTests.runScenario(io.cucumber.testng.PickleWrapper,io.cucumber.testng.FeatureWrapper)[pri:0, instance:runner.TestRunner@37ceb1df]" name="runScenario" class="io.cucumber.testng.AbstractTestNGCucumberTests"/>
      </group> <!-- cucumber -->
    </groups>
    <test started-at="2026-06-08T23:02:20 IST" name="Default test" finished-at="2026-06-08T23:02:44 IST" duration-ms="23765">
      <class name="runner.TestRunner">
        <test-method is-config="true" signature="setUpClass(org.testng.ITestContext)[pri:0, instance:runner.TestRunner@37ceb1df]" started-at="2026-06-08T23:02:20 IST" name="setUpClass" finished-at="2026-06-08T23:02:21 IST" duration-ms="419" status="PASS">
          <params>
            <param index="0">
              <value>
                <![CDATA[org.testng.TestRunner@31aab981]]>
              </value>
            </param>
          </params>
          <reporter-output>
          </reporter-output>
        </test-method> <!-- setUpClass -->
        <test-method signature="runScenario(io.cucumber.testng.PickleWrapper,io.cucumber.testng.FeatureWrapper)[pri:0, instance:runner.TestRunner@37ceb1df]" started-at="2026-06-08T23:02:21 IST" name="runScenario" description="Runs Cucumber Scenarios" data-provider="scenarios" finished-at="2026-06-08T23:02:44 IST" duration-ms="23261" status="PASS">
          <params>
            <param index="0">
              <value>
                <![CDATA["Check_videos_are_displayed"]]>
              </value>
            </param>
            <param index="1">
              <value>
                <![CDATA["This features tests Youtube"]]>
              </value>
            </param>
          </params>
          <reporter-output>
          </reporter-output>
        </test-method> <!-- runScenario -->
        <test-method is-config="true" signature="tearDownClass()[pri:0, instance:runner.TestRunner@37ceb1df]" started-at="2026-06-08T23:02:44 IST" name="tearDownClass" finished-at="2026-06-08T23:02:44 IST" duration-ms="53" status="PASS">
          <reporter-output>
          </reporter-output>
        </test-method> <!-- tearDownClass -->
        <test-method is-config="true" signature="genReport()[pri:0, instance:runner.TestRunner@37ceb1df]" started-at="2026-06-08T23:02:44 IST" name="genReport" finished-at="2026-06-08T23:02:46 IST" duration-ms="1544" status="PASS">
          <reporter-output>
          </reporter-output>
        </test-method> <!-- genReport -->
      </class> <!-- runner.TestRunner -->
    </test> <!-- Default test -->
  </suite> <!-- Default suite -->
</testng-results>
