<?xml version="1.0" encoding="UTF-8"?>
<testng-results ignored="0" total="1" passed="1" failed="0" skipped="0">
  <reporter-output>
  </reporter-output>
  <suite started-at="2026-06-06T15:16:16 IST" name="Default suite" finished-at="2026-06-06T15:16:27 IST" duration-ms="11168">
    <groups>
      <group name="cucumber">
        <method signature="AbstractTestNGCucumberTests.runScenario(io.cucumber.testng.PickleWrapper,io.cucumber.testng.FeatureWrapper)[pri:0, instance:runner.TestRunner@131ef10]" name="runScenario" class="io.cucumber.testng.AbstractTestNGCucumberTests"/>
      </group> <!-- cucumber -->
    </groups>
    <test started-at="2026-06-06T15:16:16 IST" name="Default test" finished-at="2026-06-06T15:16:27 IST" duration-ms="11168">
      <class name="runner.TestRunner">
        <test-method is-config="true" signature="setUpClass(org.testng.ITestContext)[pri:0, instance:runner.TestRunner@131ef10]" started-at="2026-06-06T15:16:16 IST" name="setUpClass" finished-at="2026-06-06T15:16:16 IST" duration-ms="392" status="PASS">
          <params>
            <param index="0">
              <value>
                <![CDATA[org.testng.TestRunner@1a256d80]]>
              </value>
            </param>
          </params>
          <reporter-output>
          </reporter-output>
        </test-method> <!-- setUpClass -->
        <test-method signature="runScenario(io.cucumber.testng.PickleWrapper,io.cucumber.testng.FeatureWrapper)[pri:0, instance:runner.TestRunner@131ef10]" started-at="2026-06-06T15:16:16 IST" name="runScenario" description="Runs Cucumber Scenarios" data-provider="scenarios" finished-at="2026-06-06T15:16:27 IST" duration-ms="10697" status="PASS">
          <params>
            <param index="0">
              <value>
                <![CDATA["Check videos are displayed"]]>
              </value>
            </param>
            <param index="1">
              <value>
                <![CDATA["This features tests Youtube"]]>
              </value>
            </param>
          </params>
          <reporter-output>
          </reporter-output>
        </test-method> <!-- runScenario -->
        <test-method is-config="true" signature="tearDownClass()[pri:0, instance:runner.TestRunner@131ef10]" started-at="2026-06-06T15:16:27 IST" name="tearDownClass" finished-at="2026-06-06T15:16:27 IST" duration-ms="44" status="PASS">
          <reporter-output>
          </reporter-output>
        </test-method> <!-- tearDownClass -->
        <test-method is-config="true" signature="genReport()[pri:0, instance:runner.TestRunner@131ef10]" started-at="2026-06-06T15:16:27 IST" name="genReport" finished-at="2026-06-06T15:16:28 IST" duration-ms="628" status="PASS">
          <reporter-output>
          </reporter-output>
        </test-method> <!-- genReport -->
      </class> <!-- runner.TestRunner -->
    </test> <!-- Default test -->
  </suite> <!-- Default suite -->
</testng-results>
